#  recipe to execute (from 'Makefile', line 196):
	@make exec-bash cmd="COMPOSER_MEMORY_LIMIT=-1 composer install --optimize-autoloader --no-dev"

restart-prod: stop-prod start-prod
#  Implicit rule search has not been done.
#  Modification time never checked.
#  File has not been updated.

start-staging:
#  Implicit rule search has not been done.
#  Modification time never checked.
#  File has not been updated.
#  recipe to execute (from 'Makefile', line 72):
	@HOST_UID=$(HOST_UID) HOST_GID=$(HOST_GID) docker-compose -f docker-compose-staging.yml $(PROJECT_NAME) up -d

# Not a target:
.DEFAULT:
#  Implicit rule search has not been done.
#  Modification time never checked.
#  File has not been updated.

stop-prod:
#  Implicit rule search has not been done.
#  Modification time never checked.
#  File has not been updated.
#  recipe to execute (from 'Makefile', line 107):
	@HOST_UID=$(HOST_UID) HOST_GID=$(HOST_GID) docker-compose -f docker-compose-prod.yml $(PROJECT_NAME) down

ssh-root:
#  Implicit rule search has not been done.
#  Modification time never checked.
#  File has not been updated.
#  recipe to execute (from 'Makefile', line 132):
	@HOST_UID=$(HOST_UID) HOST_GID=$(HOST_GID) docker-compose $(PROJECT_NAME) exec $(OPTION_T) symfony bash

phpcs:
#  Implicit rule search has not been done.
#  Modification time never checked.
#  File has not been updated.
#  recipe to execute (from 'Makefile', line 268):
	@make exec-bash cmd="./vendor/bin/phpcs --version && ./vendor/bin/phpcs --standard=PSR12 --colors -p src tests"

# Not a target:
all:
#  Command line target.
#  Implicit rule search has been done.
#  File does not exist.
#  File has not been updated.

ecs:
#  Implicit rule search has not been done.
#  Modification time never checked.
#  File has not been updated.
#  recipe to execute (from 'Makefile', line 271):
	@make exec-bash cmd="./vendor/bin/ecs --version && ./vendor/bin/ecs --clear-cache check src tests"

stop-staging:
#  Implicit rule search has not been done.
#  Modification time never checked.
#  File has not been updated.
#  recipe to execute (from 'Makefile', line 100):
	@HOST_UID=$(HOST_UID) HOST_GID=$(HOST_GID) docker-compose -f docker-compose-staging.yml $(PROJECT_NAME) down

composer-update:
#  Implicit rule search has not been done.
#  Modification time never checked.
#  File has not been updated.
#  recipe to execute (from 'Makefile', line 202):
	@make exec-bash cmd="COMPOSER_MEMORY_LIMIT=-1 composer update"

build:
#  Implicit rule search has not been done.
#  Modification time never checked.
#  File has not been updated.
#  recipe to execute (from 'Makefile', line 30):
	@HOST_UID=$(HOST_UID) HOST_GID=$(HOST_GID) docker-compose -f docker-compose.yml build

restart: stop start
#  Implicit rule search has not been done.
#  Modification time never checked.
#  File has not been updated.

logs-mysql:
#  Implicit rule search has not been done.
#  Modification time never checked.
#  File has not been updated.
#  recipe to execute (from 'Makefile', line 231):
	@docker logs -f ${COMPOSE_PROJECT_NAME}_mysql

migrate:
#  Implicit rule search has not been done.
#  Modification time never checked.
#  File has not been updated.
#  recipe to execute (from 'Makefile', line 252):
	@make exec cmd="php bin/console doctrine:migrations:migrate --no-interaction --all-or-nothing"
	@make exec cmd="php bin/console doctrine:migrations:migrate --no-interaction --all-or-nothing --env=test"

fixtures:
#  Implicit rule search has not been done.
#  Modification time never checked.
#  File has not been updated.
#  recipe to execute (from 'Makefile', line 256):
	@make exec cmd="php bin/console doctrine:fixtures:load --env=test"

logs-rabbitmq:
#  Implicit rule search has not been done.
#  Modification time never checked.
#  File has not been updated.
#  recipe to execute (from 'Makefile', line 238):
	@docker logs -f ${COMPOSE_PROJECT_NAME}_rabbitmq

ssh-supervisord:
#  Implicit rule search has not been done.
#  Modification time never checked.
#  File has not been updated.
#  recipe to execute (from 'Makefile', line 146):
	@HOST_UID=$(HOST_UID) HOST_GID=$(HOST_GID) docker-compose $(PROJECT_NAME) exec supervisord bash

phpcpd:
#  Implicit rule search has not been done.
#  Modification time never checked.
#  File has not been updated.
#  recipe to execute (from 'Makefile', line 291):
	@make exec cmd="php phpcpd.phar --fuzzy src tests"

build-prod:
#  Implicit rule search has not been done.
#  Modification time never checked.
#  File has not been updated.
#  recipe to execute (from 'Makefile', line 51):
	@HOST_UID=$(HOST_UID) HOST_GID=$(HOST_GID) docker-compose -f docker-compose-prod.yml build

report-clean:
#  Implicit rule search has not been done.
#  Modification time never checked.
#  File has not been updated.
#  recipe to execute (from 'Makefile', line 190):
	@make exec-by-root cmd="rm -rf reports/*"

phpunit:
#  Implicit rule search has not been done.
#  Modification time never checked.
#  File has not been updated.
#  recipe to execute (from 'Makefile', line 262):
	@make exec-bash cmd="rm -rf ./var/cache/test* && bin/console cache:warmup --env=test && ./vendor/bin/phpunit -c phpunit.xml.dist --coverage-html reports/coverage $(PHPUNIT_OPTIONS) --coverage-clover reports/clover.xml --log-junit reports/junit.xml"

phpmetrics:
#  Implicit rule search has not been done.
#  Modification time never checked.
#  File has not been updated.
#  recipe to execute (from 'Makefile', line 287):
	@make exec-by-root cmd="make phpmetrics"

start-prod:
#  Implicit rule search has not been done.
#  Modification time never checked.
#  File has not been updated.
#  recipe to execute (from 'Makefile', line 79):
	@HOST_UID=$(HOST_UID) HOST_GID=$(HOST_GID) docker-compose -f docker-compose-prod.yml $(PROJECT_NAME) up -d

start-test:
#  Implicit rule search has not been done.
#  Modification time never checked.
#  File has not been updated.
#  recipe to execute (from 'Makefile', line 65):
	@HOST_UID=$(HOST_UID) HOST_GID=$(HOST_GID) docker-compose -f docker-compose-test-ci.yml $(PROJECT_NAME) up -d

stop-test:
#  Implicit rule search has not been done.
#  Modification time never checked.
#  File has not been updated.
#  recipe to execute (from 'Makefile', line 93):
	@HOST_UID=$(HOST_UID) HOST_GID=$(HOST_GID) docker-compose -f docker-compose-test-ci.yml $(PROJECT_NAME) down

drop-migrate:
#  Implicit rule search has not been done.
#  Modification time never checked.
#  File has not been updated.
#  recipe to execute (from 'Makefile', line 244):
	@make exec cmd="php bin/console doctrine:schema:drop --full-database --force"
	@make exec cmd="php bin/console doctrine:schema:drop --full-database --force --env=test"
	@make migrate

phpstan:
#  Implicit rule search has not been done.
#  Modification time never checked.
#  File has not been updated.
#  recipe to execute (from 'Makefile', line 303):
	@make exec cmd="make phpstan"

report-prepare:
#  Implicit rule search has not been done.
#  Modification time never checked.
#  File has not been updated.
#  recipe to execute (from 'Makefile', line 187):
	@make exec cmd="mkdir -p reports/coverage"

migrate-no-test:
#  Implicit rule search has not been done.
#  Modification time never checked.
#  File has not been updated.
#  recipe to execute (from 'Makefile', line 249):
	@make exec cmd="php bin/console doctrine:migrations:migrate --no-interaction --all-or-nothing"

ssh:
#  Implicit rule search has not been done.
#  Modification time never checked.
#  File has not been updated.
#  recipe to execute (from 'Makefile', line 125):
	@HOST_UID=$(HOST_UID) HOST_GID=$(HOST_GID) docker-compose $(PROJECT_NAME) exec $(OPTION_T) $(PHP_USER) symfony bash

composer-install:
#  Implicit rule search has not been done.
#  Modification time never checked.
#  File has not been updated.
#  recipe to execute (from 'Makefile', line 199):
	@make exec-bash cmd="COMPOSER_MEMORY_LIMIT=-1 composer install --optimize-autoloader"

report-code-coverage:
#  Implicit rule search has not been done.
#  Modification time never checked.
#  File has not been updated.
#  recipe to execute (from 'Makefile', line 265):
	@make exec-bash cmd="export COVERALLS_REPO_TOKEN=${COVERALLS_REPO_TOKEN} && php ./vendor/bin/php-coveralls -v --coverage_clover reports/clover.xml --json_path reports/coverals.json"

# files hash-table stats:
# Load=59/1024=6%, Rehash=0, Collisions=6/78=8%
# VPATH Search Paths

# No 'vpath' search paths.

# No general ('VPATH' variable) search path.

# strcache buffers: 1 (0) / strings = 91 / storage = 1024 B / avg = 11 B
# current buf: size = 8162 B / used = 1024 B / count = 91 / avg = 11 B

# strcache performance: lookups = 161 / hit rate = 43%
# hash-table stats:
# Load=91/8192=1%, Rehash=0, Collisions=0/161=0%
# Finished Make data base on Mon Jun 20 14:29:14 2022

 
